INFO    2022-11-01 15:07:38,759 [http-nio-8080-exec-6] com.copapp.controller.AdditionalCopController  - Mail send successfully
ERROR   2022-11-01 19:01:17,723 [http-nio-8080-exec-1] com.copapp.configure.JwtAuthenticationFilter  - Invalid Token, does not start with Bearer string
ERROR   2022-11-01 19:01:17,724 [http-nio-8080-exec-1] com.copapp.configure.JwtAuthenticationFilter  - Invalid Token
ERROR   2022-11-01 19:01:17,731 [http-nio-8080-exec-2] com.copapp.configure.JwtAuthenticationFilter  - Invalid Token, does not start with Bearer string
ERROR   2022-11-01 19:01:17,731 [http-nio-8080-exec-2] com.copapp.configure.JwtAuthenticationFilter  - Invalid Token
ERROR   2022-11-01 19:03:12,797 [http-nio-8080-exec-5] com.copapp.configure.JwtAuthenticationFilter  - Invalid Token, does not start with Bearer string
ERROR   2022-11-01 19:03:12,798 [http-nio-8080-exec-5] com.copapp.configure.JwtAuthenticationFilter  - Invalid Token
INFO    2022-11-01 19:04:38,555 [http-nio-8080-exec-9] com.copapp.controller.ViolationDetailsController  - Mail send successfully
ERROR   2022-11-01 19:05:56,980 [http-nio-8080-exec-1] com.copapp.configure.JwtAuthenticationFilter  - Invalid Token, does not start with Bearer string
ERROR   2022-11-01 19:05:56,980 [http-nio-8080-exec-1] com.copapp.configure.JwtAuthenticationFilter  - Invalid Token
INFO    2022-11-01 19:06:00,866 [http-nio-8080-exec-2] com.copapp.controller.AdditionalCopController  - Mail send successfully
ERROR   2022-11-01 19:25:30,992 [http-nio-8080-exec-1] com.copapp.configure.JwtAuthenticationFilter  - Invalid Token, does not start with Bearer string
ERROR   2022-11-01 19:25:31,013 [http-nio-8080-exec-1] com.copapp.configure.JwtAuthenticationFilter  - Invalid Token
INFO    2022-11-01 19:25:37,530 [http-nio-8080-exec-2] com.copapp.controller.MedicalEmergencyController  - Mail send successfully
ERROR   2022-11-01 19:26:33,470 [http-nio-8080-exec-3] com.copapp.configure.JwtAuthenticationFilter  - Invalid Token, does not start with Bearer string
ERROR   2022-11-01 19:26:33,470 [http-nio-8080-exec-3] com.copapp.configure.JwtAuthenticationFilter  - Invalid Token
ERROR   2022-11-01 19:26:37,553 [http-nio-8080-exec-4] com.copapp.configure.JwtAuthenticationFilter  - Invalid Token, does not start with Bearer string
ERROR   2022-11-01 19:26:37,553 [http-nio-8080-exec-4] com.copapp.configure.JwtAuthenticationFilter  - Invalid Token
ERROR   2022-11-01 19:26:37,554 [http-nio-8080-exec-5] com.copapp.configure.JwtAuthenticationFilter  - Invalid Token, does not start with Bearer string
ERROR   2022-11-01 19:26:37,554 [http-nio-8080-exec-5] com.copapp.configure.JwtAuthenticationFilter  - Invalid Token
ERROR   2022-11-01 19:26:44,713 [http-nio-8080-exec-8] com.copapp.configure.JwtAuthenticationFilter  - Invalid Token, does not start with Bearer string
ERROR   2022-11-01 19:26:44,713 [http-nio-8080-exec-8] com.copapp.configure.JwtAuthenticationFilter  - Invalid Token
ERROR   2022-11-01 19:26:44,716 [http-nio-8080-exec-10] com.copapp.configure.JwtAuthenticationFilter  - Invalid Token, does not start with Bearer string
ERROR   2022-11-01 19:26:44,716 [http-nio-8080-exec-10] com.copapp.configure.JwtAuthenticationFilter  - Invalid Token
ERROR   2022-11-01 19:26:52,022 [http-nio-8080-exec-4] com.copapp.configure.JwtAuthenticationFilter  - Invalid Token, does not start with Bearer string
ERROR   2022-11-01 19:26:52,022 [http-nio-8080-exec-4] com.copapp.configure.JwtAuthenticationFilter  - Invalid Token
ERROR   2022-11-01 19:27:10,735 [http-nio-8080-exec-7] com.copapp.configure.JwtAuthenticationFilter  - Invalid Token, does not start with Bearer string
ERROR   2022-11-01 19:27:10,736 [http-nio-8080-exec-7] com.copapp.configure.JwtAuthenticationFilter  - Invalid Token
ERROR   2022-11-01 19:27:10,737 [http-nio-8080-exec-8] com.copapp.configure.JwtAuthenticationFilter  - Invalid Token, does not start with Bearer string
ERROR   2022-11-01 19:27:10,737 [http-nio-8080-exec-8] com.copapp.configure.JwtAuthenticationFilter  - Invalid Token
ERROR   2022-11-01 19:27:31,268 [http-nio-8080-exec-3] com.copapp.configure.JwtAuthenticationFilter  - Invalid Token, does not start with Bearer string
ERROR   2022-11-01 19:27:31,268 [http-nio-8080-exec-3] com.copapp.configure.JwtAuthenticationFilter  - Invalid Token
ERROR   2022-11-01 19:30:01,223 [http-nio-8080-exec-1] com.copapp.configure.JwtAuthenticationFilter  - Invalid Token, does not start with Bearer string
ERROR   2022-11-01 19:30:01,224 [http-nio-8080-exec-1] com.copapp.configure.JwtAuthenticationFilter  - Invalid Token
ERROR   2022-11-01 19:30:25,297 [http-nio-8080-exec-10] com.copapp.configure.JwtAuthenticationFilter  - Invalid Token, does not start with Bearer string
ERROR   2022-11-01 19:30:25,297 [http-nio-8080-exec-10] com.copapp.configure.JwtAuthenticationFilter  - Invalid Token
ERROR   2022-11-01 19:44:40,477 [http-nio-8080-exec-4] com.copapp.configure.JwtAuthenticationFilter  - Invalid Token, does not start with Bearer string
ERROR   2022-11-01 19:44:40,478 [http-nio-8080-exec-4] com.copapp.configure.JwtAuthenticationFilter  - Invalid Token
INFO    2022-11-01 19:44:45,012 [http-nio-8080-exec-5] com.copapp.controller.TrafficCopController  - Mail send Successfully
INFO    2022-11-01 19:44:45,125 [http-nio-8080-exec-5] com.copapp.controller.TrafficCopController  - send
INFO    2022-11-01 19:54:39,063 [http-nio-8080-exec-1] com.copapp.controller.TrafficCopController  - Mail send Successfully
INFO    2022-11-01 19:54:39,157 [http-nio-8080-exec-1] com.copapp.controller.TrafficCopController  - send
ERROR   2022-11-01 20:02:58,027 [http-nio-8080-exec-1] com.copapp.configure.JwtAuthenticationFilter  - Invalid Token, does not start with Bearer string
ERROR   2022-11-01 20:02:58,028 [http-nio-8080-exec-1] com.copapp.configure.JwtAuthenticationFilter  - Invalid Token
ERROR   2022-11-01 20:02:58,030 [http-nio-8080-exec-2] com.copapp.configure.JwtAuthenticationFilter  - Invalid Token, does not start with Bearer string
ERROR   2022-11-01 20:02:58,030 [http-nio-8080-exec-2] com.copapp.configure.JwtAuthenticationFilter  - Invalid Token
ERROR   2022-11-01 20:05:53,839 [http-nio-8080-exec-4] com.copapp.configure.JwtAuthenticationFilter  - Invalid Token, does not start with Bearer string
ERROR   2022-11-01 20:05:53,839 [http-nio-8080-exec-4] com.copapp.configure.JwtAuthenticationFilter  - Invalid Token
INFO    2022-11-01 20:06:00,468 [http-nio-8080-exec-5] com.copapp.controller.AdditionalCopController  - Mail send successfully
ERROR   2022-11-02 19:05:42,585 [http-nio-8080-exec-1] com.copapp.configure.JwtAuthenticationFilter  - Invalid Token, does not start with Bearer string
ERROR   2022-11-02 19:05:42,619 [http-nio-8080-exec-1] com.copapp.configure.JwtAuthenticationFilter  - Invalid Token
ERROR   2022-11-02 19:05:42,824 [http-nio-8080-exec-2] com.copapp.configure.JwtAuthenticationFilter  - Invalid Token, does not start with Bearer string
ERROR   2022-11-02 19:05:42,824 [http-nio-8080-exec-2] com.copapp.configure.JwtAuthenticationFilter  - Invalid Token
ERROR   2022-11-02 19:13:06,206 [http-nio-8080-exec-1] com.copapp.configure.JwtAuthenticationFilter  - Invalid Token, does not start with Bearer string
ERROR   2022-11-02 19:13:06,207 [http-nio-8080-exec-1] com.copapp.configure.JwtAuthenticationFilter  - Invalid Token
ERROR   2022-11-02 19:13:06,214 [http-nio-8080-exec-1] com.copapp.configure.JwtAuthenticationFilter  - Invalid Token, does not start with Bearer string
ERROR   2022-11-02 19:13:06,214 [http-nio-8080-exec-1] com.copapp.configure.JwtAuthenticationFilter  - Invalid Token
ERROR   2022-11-02 19:14:21,159 [http-nio-8080-exec-1] com.copapp.configure.JwtAuthenticationFilter  - Invalid Token, does not start with Bearer string
ERROR   2022-11-02 19:14:21,160 [http-nio-8080-exec-1] com.copapp.configure.JwtAuthenticationFilter  - Invalid Token
ERROR   2022-11-02 19:14:21,168 [http-nio-8080-exec-2] com.copapp.configure.JwtAuthenticationFilter  - Invalid Token, does not start with Bearer string
ERROR   2022-11-02 19:14:21,168 [http-nio-8080-exec-2] com.copapp.configure.JwtAuthenticationFilter  - Invalid Token
ERROR   2022-11-02 19:14:26,443 [http-nio-8080-exec-4] com.copapp.configure.JwtAuthenticationFilter  - Invalid Token, does not start with Bearer string
ERROR   2022-11-02 19:14:26,444 [http-nio-8080-exec-4] com.copapp.configure.JwtAuthenticationFilter  - Invalid Token
ERROR   2022-11-02 19:14:26,443 [http-nio-8080-exec-5] com.copapp.configure.JwtAuthenticationFilter  - Invalid Token, does not start with Bearer string
ERROR   2022-11-02 19:14:26,444 [http-nio-8080-exec-5] com.copapp.configure.JwtAuthenticationFilter  - Invalid Token
ERROR   2022-11-02 19:14:33,178 [http-nio-8080-exec-7] com.copapp.configure.JwtAuthenticationFilter  - Invalid Token, does not start with Bearer string
ERROR   2022-11-02 19:14:33,178 [http-nio-8080-exec-7] com.copapp.configure.JwtAuthenticationFilter  - Invalid Token
ERROR   2022-11-02 19:14:33,179 [http-nio-8080-exec-8] com.copapp.configure.JwtAuthenticationFilter  - Invalid Token, does not start with Bearer string
ERROR   2022-11-02 19:14:33,179 [http-nio-8080-exec-8] com.copapp.configure.JwtAuthenticationFilter  - Invalid Token
ERROR   2022-11-02 19:14:43,627 [http-nio-8080-exec-6] com.copapp.configure.JwtAuthenticationFilter  - Invalid Token, does not start with Bearer string
ERROR   2022-11-02 19:14:43,627 [http-nio-8080-exec-6] com.copapp.configure.JwtAuthenticationFilter  - Invalid Token
ERROR   2022-11-02 19:14:43,628 [http-nio-8080-exec-3] com.copapp.configure.JwtAuthenticationFilter  - Invalid Token, does not start with Bearer string
ERROR   2022-11-02 19:14:43,628 [http-nio-8080-exec-3] com.copapp.configure.JwtAuthenticationFilter  - Invalid Token
ERROR   2022-11-02 19:15:06,522 [http-nio-8080-exec-7] com.copapp.configure.JwtAuthenticationFilter  - Invalid Token, does not start with Bearer string
ERROR   2022-11-02 19:15:06,523 [http-nio-8080-exec-7] com.copapp.configure.JwtAuthenticationFilter  - Invalid Token
ERROR   2022-11-02 19:15:28,152 [http-nio-8080-exec-8] com.copapp.configure.JwtAuthenticationFilter  - Invalid Token, does not start with Bearer string
ERROR   2022-11-02 19:15:28,152 [http-nio-8080-exec-8] com.copapp.configure.JwtAuthenticationFilter  - Invalid Token
ERROR   2022-11-02 19:17:48,375 [http-nio-8080-exec-6] com.copapp.configure.JwtAuthenticationFilter  - Invalid Token, does not start with Bearer string
ERROR   2022-11-02 19:17:48,376 [http-nio-8080-exec-6] com.copapp.configure.JwtAuthenticationFilter  - Invalid Token
ERROR   2022-11-02 19:24:18,213 [http-nio-8080-exec-5] com.copapp.configure.JwtAuthenticationFilter  - Invalid Token, does not start with Bearer string
ERROR   2022-11-02 19:24:18,213 [http-nio-8080-exec-5] com.copapp.configure.JwtAuthenticationFilter  - Invalid Token
ERROR   2022-11-02 19:48:45,899 [http-nio-8080-exec-10] com.copapp.configure.JwtAuthenticationFilter  - Invalid Token, does not start with Bearer string
ERROR   2022-11-02 19:48:45,899 [http-nio-8080-exec-10] com.copapp.configure.JwtAuthenticationFilter  - Invalid Token
ERROR   2022-11-02 19:48:45,905 [http-nio-8080-exec-2] com.copapp.configure.JwtAuthenticationFilter  - Invalid Token, does not start with Bearer string
ERROR   2022-11-02 19:48:45,905 [http-nio-8080-exec-2] com.copapp.configure.JwtAuthenticationFilter  - Invalid Token
ERROR   2022-11-02 19:50:44,353 [http-nio-8080-exec-3] com.copapp.configure.JwtAuthenticationFilter  - Invalid Token, does not start with Bearer string
ERROR   2022-11-02 19:50:44,354 [http-nio-8080-exec-3] com.copapp.configure.JwtAuthenticationFilter  - Invalid Token
ERROR   2022-11-02 19:51:13,606 [http-nio-8080-exec-5] com.copapp.configure.JwtAuthenticationFilter  - Invalid Token, does not start with Bearer string
ERROR   2022-11-02 19:51:13,606 [http-nio-8080-exec-5] com.copapp.configure.JwtAuthenticationFilter  - Invalid Token
ERROR   2022-11-02 19:51:13,846 [http-nio-8080-exec-7] com.copapp.configure.JwtAuthenticationFilter  - Invalid Token, does not start with Bearer string
ERROR   2022-11-02 19:51:13,846 [http-nio-8080-exec-7] com.copapp.configure.JwtAuthenticationFilter  - Invalid Token
ERROR   2022-11-02 19:51:13,847 [http-nio-8080-exec-4] com.copapp.configure.JwtAuthenticationFilter  - Invalid Token, does not start with Bearer string
ERROR   2022-11-02 19:51:13,847 [http-nio-8080-exec-4] com.copapp.configure.JwtAuthenticationFilter  - Invalid Token
ERROR   2022-11-02 19:51:16,350 [http-nio-8080-exec-10] com.copapp.configure.JwtAuthenticationFilter  - Invalid Token, does not start with Bearer string
ERROR   2022-11-02 19:51:16,350 [http-nio-8080-exec-10] com.copapp.configure.JwtAuthenticationFilter  - Invalid Token
ERROR   2022-11-02 19:51:42,125 [http-nio-8080-exec-5] com.copapp.configure.JwtAuthenticationFilter  - Invalid Token, does not start with Bearer string
ERROR   2022-11-02 19:51:42,125 [http-nio-8080-exec-5] com.copapp.configure.JwtAuthenticationFilter  - Invalid Token
ERROR   2022-11-02 19:55:23,575 [http-nio-8080-exec-9] com.copapp.configure.JwtAuthenticationFilter  - Invalid Token, does not start with Bearer string
ERROR   2022-11-02 19:55:23,575 [http-nio-8080-exec-9] com.copapp.configure.JwtAuthenticationFilter  - Invalid Token
ERROR   2022-11-02 19:55:23,576 [http-nio-8080-exec-8] com.copapp.configure.JwtAuthenticationFilter  - Invalid Token, does not start with Bearer string
ERROR   2022-11-02 19:55:23,576 [http-nio-8080-exec-8] com.copapp.configure.JwtAuthenticationFilter  - Invalid Token
ERROR   2022-11-02 19:55:27,674 [http-nio-8080-exec-1] com.copapp.configure.JwtAuthenticationFilter  - Invalid Token, does not start with Bearer string
ERROR   2022-11-02 19:55:27,674 [http-nio-8080-exec-1] com.copapp.configure.JwtAuthenticationFilter  - Invalid Token
ERROR   2022-11-02 19:55:27,677 [http-nio-8080-exec-6] com.copapp.configure.JwtAuthenticationFilter  - Invalid Token, does not start with Bearer string
ERROR   2022-11-02 19:55:27,677 [http-nio-8080-exec-6] com.copapp.configure.JwtAuthenticationFilter  - Invalid Token
ERROR   2022-11-02 20:00:56,703 [http-nio-8080-exec-8] com.copapp.configure.JwtAuthenticationFilter  - Invalid Token, does not start with Bearer string
ERROR   2022-11-02 20:00:56,703 [http-nio-8080-exec-8] com.copapp.configure.JwtAuthenticationFilter  - Invalid Token
ERROR   2022-11-02 20:01:03,558 [http-nio-8080-exec-1] com.copapp.configure.JwtAuthenticationFilter  - Invalid Token, does not start with Bearer string
ERROR   2022-11-02 20:01:03,558 [http-nio-8080-exec-1] com.copapp.configure.JwtAuthenticationFilter  - Invalid Token
ERROR   2022-11-02 20:01:15,283 [http-nio-8080-exec-7] com.copapp.configure.JwtAuthenticationFilter  - Invalid Token, does not start with Bearer string
ERROR   2022-11-02 20:01:15,283 [http-nio-8080-exec-7] com.copapp.configure.JwtAuthenticationFilter  - Invalid Token
ERROR   2022-11-02 20:01:33,579 [http-nio-8080-exec-5] com.copapp.configure.JwtAuthenticationFilter  - Invalid Token, does not start with Bearer string
ERROR   2022-11-02 20:01:33,579 [http-nio-8080-exec-5] com.copapp.configure.JwtAuthenticationFilter  - Invalid Token
ERROR   2022-11-02 20:07:26,021 [http-nio-8080-exec-5] com.copapp.configure.JwtAuthenticationFilter  - Invalid Token, does not start with Bearer string
ERROR   2022-11-02 20:07:26,021 [http-nio-8080-exec-5] com.copapp.configure.JwtAuthenticationFilter  - Invalid Token
ERROR   2022-11-02 20:10:49,169 [http-nio-8080-exec-9] com.copapp.configure.JwtAuthenticationFilter  - Invalid Token, does not start with Bearer string
ERROR   2022-11-02 20:10:49,169 [http-nio-8080-exec-9] com.copapp.configure.JwtAuthenticationFilter  - Invalid Token
ERROR   2022-11-02 20:13:55,428 [http-nio-8080-exec-6] com.copapp.configure.JwtAuthenticationFilter  - Invalid Token, does not start with Bearer string
ERROR   2022-11-02 20:13:55,429 [http-nio-8080-exec-6] com.copapp.configure.JwtAuthenticationFilter  - Invalid Token
INFO    2022-11-02 20:14:00,762 [http-nio-8080-exec-3] com.copapp.controller.ViolationDetailsController  - Mail send successfully
ERROR   2022-11-02 20:14:49,121 [http-nio-8080-exec-5] com.copapp.configure.JwtAuthenticationFilter  - Invalid Token, does not start with Bearer string
ERROR   2022-11-02 20:14:49,121 [http-nio-8080-exec-5] com.copapp.configure.JwtAuthenticationFilter  - Invalid Token
INFO    2022-11-02 20:14:53,661 [http-nio-8080-exec-10] com.copapp.controller.AdditionalCopController  - Mail send successfully
ERROR   2022-11-02 20:15:45,429 [http-nio-8080-exec-7] com.copapp.configure.JwtAuthenticationFilter  - Invalid Token, does not start with Bearer string
ERROR   2022-11-02 20:15:45,429 [http-nio-8080-exec-7] com.copapp.configure.JwtAuthenticationFilter  - Invalid Token
INFO    2022-11-02 20:15:49,192 [http-nio-8080-exec-4] com.copapp.controller.MedicalEmergencyController  - Mail send successfully
ERROR   2022-11-02 20:16:02,621 [http-nio-8080-exec-2] com.copapp.configure.JwtAuthenticationFilter  - Invalid Token, does not start with Bearer string
ERROR   2022-11-02 20:16:02,621 [http-nio-8080-exec-2] com.copapp.configure.JwtAuthenticationFilter  - Invalid Token
ERROR   2022-11-02 20:17:33,058 [http-nio-8080-exec-3] com.copapp.configure.JwtAuthenticationFilter  - Invalid Token, does not start with Bearer string
ERROR   2022-11-02 20:17:33,058 [http-nio-8080-exec-3] com.copapp.configure.JwtAuthenticationFilter  - Invalid Token
INFO    2022-11-02 20:17:36,811 [http-nio-8080-exec-5] com.copapp.controller.TrafficCopController  - Mail send Successfully
INFO    2022-11-02 20:17:36,905 [http-nio-8080-exec-5] com.copapp.controller.TrafficCopController  - send
